# JRE version: Java(TM) SE Runtime Environment (8.0_112-b15) (build 1.8.0_112-b15)
# Java VM: Java HotSpot(TM) 64-Bit Server VM (25.112-b15 mixed mode linux-amd64 compressed oops)
Heap:
 PSYoungGen      total 620032K, used 7502K [0x00000000d6f80000, 0x0000000100000000, 0x0000000100000000)
  eden space 567808K, 0% used [0x00000000d6f80000,0x00000000d6f80000,0x00000000f9a00000)
  from space 52224K, 14% used [0x00000000f9a00000,0x00000000fa153a70,0x00000000fcd00000)
  to   space 52224K, 0% used [0x00000000fcd00000,0x00000000fcd00000,0x0000000100000000)
 ParOldGen       total 240640K, used 240334K [0x0000000084e00000, 0x0000000093900000, 0x00000000d6f80000)
  object space 240640K, 99% used [0x0000000084e00000,0x00000000938b3a10,0x0000000093900000)
 Metaspace       used 23785K, capacity 24340K, committed 24368K, reserved 1071104K
  class space    used 2714K, capacity 2859K, committed 2864K, reserved 1048576K
GC Heap History (10 events):
Event: 10.772 GC heap after
Heap after GC invocations=11 (full 0):
 PSYoungGen      total 414720K, used 2709K [0x00000000d6f80000, 0x00000000ffd00000, 0x0000000100000000)
  eden space 403968K, 0% used [0x00000000d6f80000,0x00000000d6f80000,0x00000000efa00000)
  from space 10752K, 25% used [0x00000000efa00000,0x00000000efca5418,0x00000000f0480000)
  to   space 11264K, 0% used [0x00000000ff200000,0x00000000ff200000,0x00000000ffd00000)
 ParOldGen       total 84992K, used 17347K [0x0000000084e00000, 0x000000008a100000, 0x00000000d6f80000)
  object space 84992K, 20% used [0x0000000084e00000,0x0000000085ef0fb8,0x000000008a100000)
 Metaspace       used 20725K, capacity 21236K, committed 21296K, reserved 1069056K
  class space    used 2414K, capacity 2571K, committed 2608K, reserved 1048576K
}
Event: 10.772 GC heap before
{Heap before GC invocations=12 (full 1):
 PSYoungGen      total 414720K, used 2709K [0x00000000d6f80000, 0x00000000ffd00000, 0x0000000100000000)
  eden space 403968K, 0% used [0x00000000d6f80000,0x00000000d6f80000,0x00000000efa00000)
  from space 10752K, 25% used [0x00000000efa00000,0x00000000efca5418,0x00000000f0480000)
  to   space 11264K, 0% used [0x00000000ff200000,0x00000000ff200000,0x00000000ffd00000)
 ParOldGen       total 84992K, used 17347K [0x0000000084e00000, 0x000000008a100000, 0x00000000d6f80000)
  object space 84992K, 20% used [0x0000000084e00000,0x0000000085ef0fb8,0x000000008a100000)
 Metaspace       used 20725K, capacity 21236K, committed 21296K, reserved 1069056K
  class space    used 2414K, capacity 2571K, committed 2608K, reserved 1048576K
Event: 10.848 GC heap after
Heap after GC invocations=12 (full 1):
 PSYoungGen      total 414720K, used 0K [0x00000000d6f80000, 0x00000000ffd00000, 0x0000000100000000)
  eden space 403968K, 0% used [0x00000000d6f80000,0x00000000d6f80000,0x00000000efa00000)
  from space 10752K, 0% used [0x00000000efa00000,0x00000000efa00000,0x00000000f0480000)
  to   space 11264K, 0% used [0x00000000ff200000,0x00000000ff200000,0x00000000ffd00000)
 ParOldGen       total 63488K, used 15726K [0x0000000084e00000, 0x0000000088c00000, 0x00000000d6f80000)
  object space 63488K, 24% used [0x0000000084e00000,0x0000000085d5bb88,0x0000000088c00000)
 Metaspace       used 20725K, capacity 21236K, committed 21296K, reserved 1069056K
  class space    used 2414K, capacity 2571K, committed 2608K, reserved 1048576K
}
Event: 12.929 GC heap before
{Heap before GC invocations=13 (full 1):
 PSYoungGen      total 414720K, used 398351K [0x00000000d6f80000, 0x00000000ffd00000, 0x0000000100000000)
  eden space 403968K, 98% used [0x00000000d6f80000,0x00000000ef483e70,0x00000000efa00000)
  from space 10752K, 0% used [0x00000000efa00000,0x00000000efa00000,0x00000000f0480000)
  to   space 11264K, 0% used [0x00000000ff200000,0x00000000ff200000,0x00000000ffd00000)
 ParOldGen       total 63488K, used 15726K [0x0000000084e00000, 0x0000000088c00000, 0x00000000d6f80000)
  object space 63488K, 24% used [0x0000000084e00000,0x0000000085d5bb88,0x0000000088c00000)
 Metaspace       used 23095K, capacity 23668K, committed 23856K, reserved 1071104K
  class space    used 2687K, capacity 2827K, committed 2864K, reserved 1048576K
Event: 13.076 GC heap after
Heap after GC invocations=13 (full 1):
 PSYoungGen      total 579072K, used 11250K [0x00000000d6f80000, 0x0000000100000000, 0x0000000100000000)
  eden space 567808K, 0% used [0x00000000d6f80000,0x00000000d6f80000,0x00000000f9a00000)
  from space 11264K, 99% used [0x00000000ff200000,0x00000000ffcfcb98,0x00000000ffd00000)
  to   space 52224K, 0% used [0x00000000f9a00000,0x00000000f9a00000,0x00000000fcd00000)
 ParOldGen       total 122880K, used 122615K [0x0000000084e00000, 0x000000008c600000, 0x00000000d6f80000)
  object space 122880K, 99% used [0x0000000084e00000,0x000000008c5bdf78,0x000000008c600000)
 Metaspace       used 23095K, capacity 23668K, committed 23856K, reserved 1071104K
  class space    used 2687K, capacity 2827K, committed 2864K, reserved 1048576K
}
Event: 13.076 GC heap before
{Heap before GC invocations=14 (full 2):
 PSYoungGen      total 579072K, used 11250K [0x00000000d6f80000, 0x0000000100000000, 0x0000000100000000)
  eden space 567808K, 0% used [0x00000000d6f80000,0x00000000d6f80000,0x00000000f9a00000)
  from space 11264K, 99% used [0x00000000ff200000,0x00000000ffcfcb98,0x00000000ffd00000)
  to   space 52224K, 0% used [0x00000000f9a00000,0x00000000f9a00000,0x00000000fcd00000)
 ParOldGen       total 122880K, used 122615K [0x0000000084e00000, 0x000000008c600000, 0x00000000d6f80000)
  object space 122880K, 99% used [0x0000000084e00000,0x000000008c5bdf78,0x000000008c600000)
 Metaspace       used 23095K, capacity 23668K, committed 23856K, reserved 1071104K
  class space    used 2687K, capacity 2827K, committed 2864K, reserved 1048576K
Event: 13.421 GC heap after
Heap after GC invocations=14 (full 2):
 PSYoungGen      total 579072K, used 9635K [0x00000000d6f80000, 0x0000000100000000, 0x0000000100000000)
  eden space 567808K, 0% used [0x00000000d6f80000,0x00000000d6f80000,0x00000000f9a00000)
  from space 11264K, 85% used [0x00000000ff200000,0x00000000ffb68e50,0x00000000ffd00000)
  to   space 52224K, 0% used [0x00000000f9a00000,0x00000000f9a00000,0x00000000fcd00000)
 ParOldGen       total 240640K, used 122863K [0x0000000084e00000, 0x0000000093900000, 0x00000000d6f80000)
  object space 240640K, 51% used [0x0000000084e00000,0x000000008c5fbd10,0x0000000093900000)
 Metaspace       used 23095K, capacity 23668K, committed 23856K, reserved 1071104K
  class space    used 2687K, capacity 2827K, committed 2864K, reserved 1048576K
}
Event: 15.830 GC heap before
{Heap before GC invocations=15 (full 2):
 PSYoungGen      total 579072K, used 577443K [0x00000000d6f80000, 0x0000000100000000, 0x0000000100000000)
  eden space 567808K, 100% used [0x00000000d6f80000,0x00000000f9a00000,0x00000000f9a00000)
  from space 11264K, 85% used [0x00000000ff200000,0x00000000ffb68e50,0x00000000ffd00000)
  to   space 52224K, 0% used [0x00000000f9a00000,0x00000000f9a00000,0x00000000fcd00000)
 ParOldGen       total 240640K, used 122863K [0x0000000084e00000, 0x0000000093900000, 0x00000000d6f80000)
  object space 240640K, 51% used [0x0000000084e00000,0x000000008c5fbd10,0x0000000093900000)
 Metaspace       used 23785K, capacity 24340K, committed 24368K, reserved 1071104K
  class space    used 2714K, capacity 2859K, committed 2864K, reserved 1048576K
Event: 16.028 GC heap after
Heap after GC invocations=15 (full 2):
 PSYoungGen      total 620032K, used 52218K [0x00000000d6f80000, 0x0000000100000000, 0x0000000100000000)
  eden space 567808K, 0% used [0x00000000d6f80000,0x00000000d6f80000,0x00000000f9a00000)
  from space 52224K, 99% used [0x00000000f9a00000,0x00000000fccfe908,0x00000000fcd00000)
  to   space 52224K, 0% used [0x00000000fcd00000,0x00000000fcd00000,0x0000000100000000)
 ParOldGen       total 240640K, used 224108K [0x0000000084e00000, 0x0000000093900000, 0x00000000d6f80000)
  object space 240640K, 93% used [0x0000000084e00000,0x00000000928db020,0x0000000093900000)
 Metaspace       used 23785K, capacity 24340K, committed 24368K, reserved 1071104K
  class space    used 2714K, capacity 2859K, committed 2864K, reserved 1048576K
}
Event: 16.028 GC heap before
{Heap before GC invocations=16 (full 3):
 PSYoungGen      total 620032K, used 52218K [0x00000000d6f80000, 0x0000000100000000, 0x0000000100000000)
  eden space 567808K, 0% used [0x00000000d6f80000,0x00000000d6f80000,0x00000000f9a00000)
  from space 52224K, 99% used [0x00000000f9a00000,0x00000000fccfe908,0x00000000fcd00000)
  to   space 52224K, 0% used [0x00000000fcd00000,0x00000000fcd00000,0x0000000100000000)
 ParOldGen       total 240640K, used 224108K [0x0000000084e00000, 0x0000000093900000, 0x00000000d6f80000)
  object space 240640K, 93% used [0x0000000084e00000,0x00000000928db020,0x0000000093900000)
 Metaspace       used 23785K, capacity 24340K, committed 24368K, reserved 1071104K
  class space    used 2714K, capacity 2859K, committed 2864K, reserved 1048576K

