# JRE version: Java(TM) SE Runtime Environment (8.0_112-b15) (build 1.8.0_112-b15)
# Java VM: Java HotSpot(TM) 64-Bit Server VM (25.112-b15 mixed mode linux-amd64 compressed oops)
Heap:
 PSYoungGen      total 620032K, used 7029K [0x00000000d6f80000, 0x0000000100000000, 0x0000000100000000)
  eden space 568320K, 0% used [0x00000000d6f80000,0x00000000d6f80000,0x00000000f9a80000)
  from space 51712K, 13% used [0x00000000f9a80000,0x00000000fa15d690,0x00000000fcd00000)
  to   space 52224K, 0% used [0x00000000fcd00000,0x00000000fcd00000,0x0000000100000000)
 ParOldGen       total 243200K, used 242719K [0x0000000084e00000, 0x0000000093b80000, 0x00000000d6f80000)
  object space 243200K, 99% used [0x0000000084e00000,0x0000000093b07c38,0x0000000093b80000)
 Metaspace       used 23758K, capacity 24276K, committed 24448K, reserved 1071104K
  class space    used 2709K, capacity 2859K, committed 2944K, reserved 1048576K
GC Heap History (10 events):
Event: 5.763 GC heap after
Heap after GC invocations=11 (full 0):
 PSYoungGen      total 414720K, used 2657K [0x00000000d6f80000, 0x00000000ffb80000, 0x0000000100000000)
  eden space 404480K, 0% used [0x00000000d6f80000,0x00000000d6f80000,0x00000000efa80000)
  from space 10240K, 25% used [0x00000000efa80000,0x00000000efd18778,0x00000000f0480000)
  to   space 10240K, 0% used [0x00000000ff180000,0x00000000ff180000,0x00000000ffb80000)
 ParOldGen       total 84992K, used 17078K [0x0000000084e00000, 0x000000008a100000, 0x00000000d6f80000)
  object space 84992K, 20% used [0x0000000084e00000,0x0000000085eadba8,0x000000008a100000)
 Metaspace       used 20601K, capacity 21108K, committed 21296K, reserved 1069056K
  class space    used 2404K, capacity 2571K, committed 2688K, reserved 1048576K
}
Event: 5.763 GC heap before
{Heap before GC invocations=12 (full 1):
 PSYoungGen      total 414720K, used 2657K [0x00000000d6f80000, 0x00000000ffb80000, 0x0000000100000000)
  eden space 404480K, 0% used [0x00000000d6f80000,0x00000000d6f80000,0x00000000efa80000)
  from space 10240K, 25% used [0x00000000efa80000,0x00000000efd18778,0x00000000f0480000)
  to   space 10240K, 0% used [0x00000000ff180000,0x00000000ff180000,0x00000000ffb80000)
 ParOldGen       total 84992K, used 17078K [0x0000000084e00000, 0x000000008a100000, 0x00000000d6f80000)
  object space 84992K, 20% used [0x0000000084e00000,0x0000000085eadba8,0x000000008a100000)
 Metaspace       used 20601K, capacity 21108K, committed 21296K, reserved 1069056K
  class space    used 2404K, capacity 2571K, committed 2688K, reserved 1048576K
Event: 5.838 GC heap after
Heap after GC invocations=12 (full 1):
 PSYoungGen      total 414720K, used 0K [0x00000000d6f80000, 0x00000000ffb80000, 0x0000000100000000)
  eden space 404480K, 0% used [0x00000000d6f80000,0x00000000d6f80000,0x00000000efa80000)
  from space 10240K, 0% used [0x00000000efa80000,0x00000000efa80000,0x00000000f0480000)
  to   space 10240K, 0% used [0x00000000ff180000,0x00000000ff180000,0x00000000ffb80000)
 ParOldGen       total 64512K, used 16444K [0x0000000084e00000, 0x0000000088d00000, 0x00000000d6f80000)
  object space 64512K, 25% used [0x0000000084e00000,0x0000000085e0f3b8,0x0000000088d00000)
 Metaspace       used 20601K, capacity 21108K, committed 21296K, reserved 1069056K
  class space    used 2404K, capacity 2571K, committed 2688K, reserved 1048576K
}
Event: 8.567 GC heap before
{Heap before GC invocations=13 (full 1):
 PSYoungGen      total 414720K, used 398390K [0x00000000d6f80000, 0x00000000ffb80000, 0x0000000100000000)
  eden space 404480K, 98% used [0x00000000d6f80000,0x00000000ef48dbb0,0x00000000efa80000)
  from space 10240K, 0% used [0x00000000efa80000,0x00000000efa80000,0x00000000f0480000)
  to   space 10240K, 0% used [0x00000000ff180000,0x00000000ff180000,0x00000000ffb80000)
 ParOldGen       total 64512K, used 16444K [0x0000000084e00000, 0x0000000088d00000, 0x00000000d6f80000)
  object space 64512K, 25% used [0x0000000084e00000,0x0000000085e0f3b8,0x0000000088d00000)
 Metaspace       used 23060K, capacity 23604K, committed 23936K, reserved 1071104K
  class space    used 2682K, capacity 2827K, committed 2944K, reserved 1048576K
Event: 8.695 GC heap after
Heap after GC invocations=13 (full 1):
 PSYoungGen      total 578560K, used 10222K [0x00000000d6f80000, 0x00000000fff80000, 0x0000000100000000)
  eden space 568320K, 0% used [0x00000000d6f80000,0x00000000d6f80000,0x00000000f9a80000)
  from space 10240K, 99% used [0x00000000ff180000,0x00000000ffb7bb40,0x00000000ffb80000)
  to   space 51712K, 0% used [0x00000000f9a80000,0x00000000f9a80000,0x00000000fcd00000)
 ParOldGen       total 125440K, used 125042K [0x0000000084e00000, 0x000000008c880000, 0x00000000d6f80000)
  object space 125440K, 99% used [0x0000000084e00000,0x000000008c81c8e8,0x000000008c880000)
 Metaspace       used 23060K, capacity 23604K, committed 23936K, reserved 1071104K
  class space    used 2682K, capacity 2827K, committed 2944K, reserved 1048576K
}
Event: 8.695 GC heap before
{Heap before GC invocations=14 (full 2):
 PSYoungGen      total 578560K, used 10222K [0x00000000d6f80000, 0x00000000fff80000, 0x0000000100000000)
  eden space 568320K, 0% used [0x00000000d6f80000,0x00000000d6f80000,0x00000000f9a80000)
  from space 10240K, 99% used [0x00000000ff180000,0x00000000ffb7bb40,0x00000000ffb80000)
  to   space 51712K, 0% used [0x00000000f9a80000,0x00000000f9a80000,0x00000000fcd00000)
 ParOldGen       total 125440K, used 125042K [0x0000000084e00000, 0x000000008c880000, 0x00000000d6f80000)
  object space 125440K, 99% used [0x0000000084e00000,0x000000008c81c8e8,0x000000008c880000)
 Metaspace       used 23060K, capacity 23604K, committed 23936K, reserved 1071104K
  class space    used 2682K, capacity 2827K, committed 2944K, reserved 1048576K
Event: 9.030 GC heap after
Heap after GC invocations=14 (full 2):
 PSYoungGen      total 578560K, used 7568K [0x00000000d6f80000, 0x00000000fff80000, 0x0000000100000000)
  eden space 568320K, 0% used [0x00000000d6f80000,0x00000000d6f80000,0x00000000f9a80000)
  from space 10240K, 73% used [0x00000000ff180000,0x00000000ff8e4168,0x00000000ffb80000)
  to   space 51712K, 0% used [0x00000000f9a80000,0x00000000f9a80000,0x00000000fcd00000)
 ParOldGen       total 243200K, used 124945K [0x0000000084e00000, 0x0000000093b80000, 0x00000000d6f80000)
  object space 243200K, 51% used [0x0000000084e00000,0x000000008c804550,0x0000000093b80000)
 Metaspace       used 23060K, capacity 23604K, committed 23936K, reserved 1071104K
  class space    used 2682K, capacity 2827K, committed 2944K, reserved 1048576K
}
Event: 12.256 GC heap before
{Heap before GC invocations=15 (full 2):
 PSYoungGen      total 578560K, used 575888K [0x00000000d6f80000, 0x00000000fff80000, 0x0000000100000000)
  eden space 568320K, 100% used [0x00000000d6f80000,0x00000000f9a80000,0x00000000f9a80000)
  from space 10240K, 73% used [0x00000000ff180000,0x00000000ff8e4168,0x00000000ffb80000)
  to   space 51712K, 0% used [0x00000000f9a80000,0x00000000f9a80000,0x00000000fcd00000)
 ParOldGen       total 243200K, used 124945K [0x0000000084e00000, 0x0000000093b80000, 0x00000000d6f80000)
  object space 243200K, 51% used [0x0000000084e00000,0x000000008c804550,0x0000000093b80000)
 Metaspace       used 23758K, capacity 24276K, committed 24448K, reserved 1071104K
  class space    used 2709K, capacity 2859K, committed 2944K, reserved 1048576K
Event: 12.550 GC heap after
Heap after GC invocations=15 (full 2):
 PSYoungGen      total 620032K, used 51705K [0x00000000d6f80000, 0x0000000100000000, 0x0000000100000000)
  eden space 568320K, 0% used [0x00000000d6f80000,0x00000000d6f80000,0x00000000f9a80000)
  from space 51712K, 99% used [0x00000000f9a80000,0x00000000fccfe660,0x00000000fcd00000)
  to   space 52224K, 0% used [0x00000000fcd00000,0x00000000fcd00000,0x0000000100000000)
 ParOldGen       total 243200K, used 225268K [0x0000000084e00000, 0x0000000093b80000, 0x00000000d6f80000)
  object space 243200K, 92% used [0x0000000084e00000,0x00000000929fd1e8,0x0000000093b80000)
 Metaspace       used 23758K, capacity 24276K, committed 24448K, reserved 1071104K
  class space    used 2709K, capacity 2859K, committed 2944K, reserved 1048576K
}
Event: 12.550 GC heap before
{Heap before GC invocations=16 (full 3):
 PSYoungGen      total 620032K, used 51705K [0x00000000d6f80000, 0x0000000100000000, 0x0000000100000000)
  eden space 568320K, 0% used [0x00000000d6f80000,0x00000000d6f80000,0x00000000f9a80000)
  from space 51712K, 99% used [0x00000000f9a80000,0x00000000fccfe660,0x00000000fcd00000)
  to   space 52224K, 0% used [0x00000000fcd00000,0x00000000fcd00000,0x0000000100000000)
 ParOldGen       total 243200K, used 225268K [0x0000000084e00000, 0x0000000093b80000, 0x00000000d6f80000)
  object space 243200K, 92% used [0x0000000084e00000,0x00000000929fd1e8,0x0000000093b80000)
 Metaspace       used 23758K, capacity 24276K, committed 24448K, reserved 1071104K
  class space    used 2709K, capacity 2859K, committed 2944K, reserved 1048576K

