# JRE version: Java(TM) SE Runtime Environment (8.0_112-b15) (build 1.8.0_112-b15)
# Java VM: Java HotSpot(TM) 64-Bit Server VM (25.112-b15 mixed mode linux-amd64 compressed oops)
Heap:
 PSYoungGen      total 620544K, used 16797K [0x00000000d6f80000, 0x0000000100000000, 0x0000000100000000)
  eden space 568832K, 0% used [0x00000000d6f80000,0x00000000d6f80000,0x00000000f9b00000)
  from space 51712K, 32% used [0x00000000f9b00000,0x00000000fab67690,0x00000000fcd80000)
  to   space 51712K, 0% used [0x00000000fcd80000,0x00000000fcd80000,0x0000000100000000)
 ParOldGen       total 232960K, used 232491K [0x0000000084e00000, 0x0000000093180000, 0x00000000d6f80000)
  object space 232960K, 99% used [0x0000000084e00000,0x000000009310afd8,0x0000000093180000)
 Metaspace       used 23742K, capacity 24248K, committed 24368K, reserved 1071104K
  class space    used 2710K, capacity 2827K, committed 2864K, reserved 1048576K
GC Heap History (10 events):
Event: 11.670 GC heap after
Heap after GC invocations=11 (full 0):
 PSYoungGen      total 414208K, used 2750K [0x00000000d6f80000, 0x00000000ffc00000, 0x0000000100000000)
  eden space 403968K, 0% used [0x00000000d6f80000,0x00000000d6f80000,0x00000000efa00000)
  from space 10240K, 26% used [0x00000000efa00000,0x00000000efcafb48,0x00000000f0400000)
  to   space 10752K, 0% used [0x00000000ff180000,0x00000000ff180000,0x00000000ffc00000)
 ParOldGen       total 84992K, used 17042K [0x0000000084e00000, 0x000000008a100000, 0x00000000d6f80000)
  object space 84992K, 20% used [0x0000000084e00000,0x0000000085ea4a90,0x000000008a100000)
 Metaspace       used 20664K, capacity 21176K, committed 21296K, reserved 1069056K
  class space    used 2412K, capacity 2571K, committed 2608K, reserved 1048576K
}
Event: 11.670 GC heap before
{Heap before GC invocations=12 (full 1):
 PSYoungGen      total 414208K, used 2750K [0x00000000d6f80000, 0x00000000ffc00000, 0x0000000100000000)
  eden space 403968K, 0% used [0x00000000d6f80000,0x00000000d6f80000,0x00000000efa00000)
  from space 10240K, 26% used [0x00000000efa00000,0x00000000efcafb48,0x00000000f0400000)
  to   space 10752K, 0% used [0x00000000ff180000,0x00000000ff180000,0x00000000ffc00000)
 ParOldGen       total 84992K, used 17042K [0x0000000084e00000, 0x000000008a100000, 0x00000000d6f80000)
  object space 84992K, 20% used [0x0000000084e00000,0x0000000085ea4a90,0x000000008a100000)
 Metaspace       used 20664K, capacity 21176K, committed 21296K, reserved 1069056K
  class space    used 2412K, capacity 2571K, committed 2608K, reserved 1048576K
Event: 11.763 GC heap after
Heap after GC invocations=12 (full 1):
 PSYoungGen      total 414208K, used 0K [0x00000000d6f80000, 0x00000000ffc00000, 0x0000000100000000)
  eden space 403968K, 0% used [0x00000000d6f80000,0x00000000d6f80000,0x00000000efa00000)
  from space 10240K, 0% used [0x00000000efa00000,0x00000000efa00000,0x00000000f0400000)
  to   space 10752K, 0% used [0x00000000ff180000,0x00000000ff180000,0x00000000ffc00000)
 ParOldGen       total 61952K, used 16517K [0x0000000084e00000, 0x0000000088a80000, 0x00000000d6f80000)
  object space 61952K, 26% used [0x0000000084e00000,0x0000000085e21518,0x0000000088a80000)
 Metaspace       used 20664K, capacity 21176K, committed 21296K, reserved 1069056K
  class space    used 2412K, capacity 2571K, committed 2608K, reserved 1048576K
}
Event: 18.290 GC heap before
{Heap before GC invocations=13 (full 1):
 PSYoungGen      total 414208K, used 400901K [0x00000000d6f80000, 0x00000000ffc00000, 0x0000000100000000)
  eden space 403968K, 99% used [0x00000000d6f80000,0x00000000ef7014a0,0x00000000efa00000)
  from space 10240K, 0% used [0x00000000efa00000,0x00000000efa00000,0x00000000f0400000)
  to   space 10752K, 0% used [0x00000000ff180000,0x00000000ff180000,0x00000000ffc00000)
 ParOldGen       total 61952K, used 16517K [0x0000000084e00000, 0x0000000088a80000, 0x00000000d6f80000)
  object space 61952K, 26% used [0x0000000084e00000,0x0000000085e21518,0x0000000088a80000)
 Metaspace       used 23044K, capacity 23544K, committed 23856K, reserved 1071104K
  class space    used 2683K, capacity 2827K, committed 2864K, reserved 1048576K
Event: 18.426 GC heap after
Heap after GC invocations=13 (full 1):
 PSYoungGen      total 579584K, used 10720K [0x00000000d6f80000, 0x0000000100000000, 0x0000000100000000)
  eden space 568832K, 0% used [0x00000000d6f80000,0x00000000d6f80000,0x00000000f9b00000)
  from space 10752K, 99% used [0x00000000ff180000,0x00000000ffbf80e0,0x00000000ffc00000)
  to   space 51712K, 0% used [0x00000000f9b00000,0x00000000f9b00000,0x00000000fcd80000)
 ParOldGen       total 124416K, used 123937K [0x0000000084e00000, 0x000000008c780000, 0x00000000d6f80000)
  object space 124416K, 99% used [0x0000000084e00000,0x000000008c708618,0x000000008c780000)
 Metaspace       used 23044K, capacity 23544K, committed 23856K, reserved 1071104K
  class space    used 2683K, capacity 2827K, committed 2864K, reserved 1048576K
}
Event: 18.426 GC heap before
{Heap before GC invocations=14 (full 2):
 PSYoungGen      total 579584K, used 10720K [0x00000000d6f80000, 0x0000000100000000, 0x0000000100000000)
  eden space 568832K, 0% used [0x00000000d6f80000,0x00000000d6f80000,0x00000000f9b00000)
  from space 10752K, 99% used [0x00000000ff180000,0x00000000ffbf80e0,0x00000000ffc00000)
  to   space 51712K, 0% used [0x00000000f9b00000,0x00000000f9b00000,0x00000000fcd80000)
 ParOldGen       total 124416K, used 123937K [0x0000000084e00000, 0x000000008c780000, 0x00000000d6f80000)
  object space 124416K, 99% used [0x0000000084e00000,0x000000008c708618,0x000000008c780000)
 Metaspace       used 23044K, capacity 23544K, committed 23856K, reserved 1071104K
  class space    used 2683K, capacity 2827K, committed 2864K, reserved 1048576K
Event: 18.784 GC heap after
Heap after GC invocations=14 (full 2):
 PSYoungGen      total 579584K, used 8585K [0x00000000d6f80000, 0x0000000100000000, 0x0000000100000000)
  eden space 568832K, 0% used [0x00000000d6f80000,0x00000000d6f80000,0x00000000f9b00000)
  from space 10752K, 79% used [0x00000000ff180000,0x00000000ff9e24e8,0x00000000ffc00000)
  to   space 51712K, 0% used [0x00000000f9b00000,0x00000000f9b00000,0x00000000fcd80000)
 ParOldGen       total 232960K, used 123925K [0x0000000084e00000, 0x0000000093180000, 0x00000000d6f80000)
  object space 232960K, 53% used [0x0000000084e00000,0x000000008c7054a8,0x0000000093180000)
 Metaspace       used 23044K, capacity 23544K, committed 23856K, reserved 1071104K
  class space    used 2683K, capacity 2827K, committed 2864K, reserved 1048576K
}
Event: 23.889 GC heap before
{Heap before GC invocations=15 (full 2):
 PSYoungGen      total 579584K, used 577417K [0x00000000d6f80000, 0x0000000100000000, 0x0000000100000000)
  eden space 568832K, 100% used [0x00000000d6f80000,0x00000000f9b00000,0x00000000f9b00000)
  from space 10752K, 79% used [0x00000000ff180000,0x00000000ff9e24e8,0x00000000ffc00000)
  to   space 51712K, 0% used [0x00000000f9b00000,0x00000000f9b00000,0x00000000fcd80000)
 ParOldGen       total 232960K, used 123925K [0x0000000084e00000, 0x0000000093180000, 0x00000000d6f80000)
  object space 232960K, 53% used [0x0000000084e00000,0x000000008c7054a8,0x0000000093180000)
 Metaspace       used 23742K, capacity 24248K, committed 24368K, reserved 1071104K
  class space    used 2710K, capacity 2827K, committed 2864K, reserved 1048576K
Event: 28.697 GC heap after
Heap after GC invocations=15 (full 2):
 PSYoungGen      total 620544K, used 51704K [0x00000000d6f80000, 0x0000000100000000, 0x0000000100000000)
  eden space 568832K, 0% used [0x00000000d6f80000,0x00000000d6f80000,0x00000000f9b00000)
  from space 51712K, 99% used [0x00000000f9b00000,0x00000000fcd7e220,0x00000000fcd80000)
  to   space 51712K, 0% used [0x00000000fcd80000,0x00000000fcd80000,0x0000000100000000)
 ParOldGen       total 232960K, used 222626K [0x0000000084e00000, 0x0000000093180000, 0x00000000d6f80000)
  object space 232960K, 95% used [0x0000000084e00000,0x0000000092768ba0,0x0000000093180000)
 Metaspace       used 23742K, capacity 24248K, committed 24368K, reserved 1071104K
  class space    used 2710K, capacity 2827K, committed 2864K, reserved 1048576K
}
Event: 32.412 GC heap before
{Heap before GC invocations=16 (full 3):
 PSYoungGen      total 620544K, used 51704K [0x00000000d6f80000, 0x0000000100000000, 0x0000000100000000)
  eden space 568832K, 0% used [0x00000000d6f80000,0x00000000d6f80000,0x00000000f9b00000)
  from space 51712K, 99% used [0x00000000f9b00000,0x00000000fcd7e220,0x00000000fcd80000)
  to   space 51712K, 0% used [0x00000000fcd80000,0x00000000fcd80000,0x0000000100000000)
 ParOldGen       total 232960K, used 222626K [0x0000000084e00000, 0x0000000093180000, 0x00000000d6f80000)
  object space 232960K, 95% used [0x0000000084e00000,0x0000000092768ba0,0x0000000093180000)
 Metaspace       used 23742K, capacity 24248K, committed 24368K, reserved 1071104K
  class space    used 2710K, capacity 2827K, committed 2864K, reserved 1048576K

