# JRE version: Java(TM) SE Runtime Environment (7.0_40-b43) (build 1.7.0_40-b43)
# Java VM: Java HotSpot(TM) 64-Bit Server VM (24.0-b56 mixed mode windows-amd64 compressed oops)
Heap
 PSYoungGen      total 693760K, used 414575K [0x000000072aa80000, 0x000000076fb80000, 0x0000000800000000)
  eden space 661504K, 57% used [0x000000072aa80000,0x0000000742113928,0x0000000753080000)
  from space 32256K, 96% used [0x0000000753080000,0x0000000754ec86a0,0x0000000755000000)
  to   space 36352K, 0% used [0x000000076d800000,0x000000076d800000,0x000000076fb80000)
 ParOldGen       total 173568K, used 77519K [0x0000000580000000, 0x000000058a980000, 0x000000072aa80000)
  object space 173568K, 44% used [0x0000000580000000,0x0000000584bb3f80,0x000000058a980000)
 PSPermGen       total 83456K, used 59956K [0x000000057ae00000, 0x000000057ff80000, 0x0000000580000000)
  object space 83456K, 71% used [0x000000057ae00000,0x000000057e88d320,0x000000057ff80000)
GC Heap History (10 events):
Event: 8.447 GC heap before
{Heap before GC invocations=10 (full 0):
 PSYoungGen      total 288256K, used 258146K [0x000000072aa80000, 0x0000000747880000, 0x0000000800000000)
  eden space 262144K, 96% used [0x000000072aa80000,0x000000073a22c928,0x000000073aa80000)
  from space 26112K, 17% used [0x000000073aa80000,0x000000073aeebff0,0x000000073c400000)
  to   space 26624K, 0% used [0x0000000745e80000,0x0000000745e80000,0x0000000747880000)
 ParOldGen       total 173568K, used 39142K [0x0000000580000000, 0x000000058a980000, 0x000000072aa80000)
  object space 173568K, 22% used [0x0000000580000000,0x0000000582639bb8,0x000000058a980000)
 PSPermGen       total 41984K, used 41605K [0x000000057ae00000, 0x000000057d700000, 0x0000000580000000)
  object space 41984K, 99% used [0x000000057ae00000,0x000000057d6a1568,0x000000057d700000)
Event: 8.467 GC heap after
Heap after GC invocations=10 (full 0):
 PSYoungGen      total 439808K, used 26598K [0x000000072aa80000, 0x0000000748580000, 0x0000000800000000)
  eden space 413184K, 0% used [0x000000072aa80000,0x000000072aa80000,0x0000000743e00000)
  from space 26624K, 99% used [0x0000000745e80000,0x0000000747879a80,0x0000000747880000)
  to   space 33280K, 0% used [0x0000000743e00000,0x0000000743e00000,0x0000000745e80000)
 ParOldGen       total 173568K, used 46592K [0x0000000580000000, 0x000000058a980000, 0x000000072aa80000)
  object space 173568K, 26% used [0x0000000580000000,0x0000000582d80398,0x000000058a980000)
 PSPermGen       total 41984K, used 41605K [0x000000057ae00000, 0x000000057d700000, 0x0000000580000000)
  object space 41984K, 99% used [0x000000057ae00000,0x000000057d6a1568,0x000000057d700000)
}
Event: 8.467 GC heap before
{Heap before GC invocations=11 (full 1):
 PSYoungGen      total 439808K, used 26598K [0x000000072aa80000, 0x0000000748580000, 0x0000000800000000)
  eden space 413184K, 0% used [0x000000072aa80000,0x000000072aa80000,0x0000000743e00000)
  from space 26624K, 99% used [0x0000000745e80000,0x0000000747879a80,0x0000000747880000)
  to   space 33280K, 0% used [0x0000000743e00000,0x0000000743e00000,0x0000000745e80000)
 ParOldGen       total 173568K, used 46592K [0x0000000580000000, 0x000000058a980000, 0x000000072aa80000)
  object space 173568K, 26% used [0x0000000580000000,0x0000000582d80398,0x000000058a980000)
 PSPermGen       total 41984K, used 41605K [0x000000057ae00000, 0x000000057d700000, 0x0000000580000000)
  object space 41984K, 99% used [0x000000057ae00000,0x000000057d6a1568,0x000000057d700000)
Event: 8.649 GC heap after
Heap after GC invocations=11 (full 1):
 PSYoungGen      total 439808K, used 0K [0x000000072aa80000, 0x0000000748580000, 0x0000000800000000)
  eden space 413184K, 0% used [0x000000072aa80000,0x000000072aa80000,0x0000000743e00000)
  from space 26624K, 0% used [0x0000000745e80000,0x0000000745e80000,0x0000000747880000)
  to   space 33280K, 0% used [0x0000000743e00000,0x0000000743e00000,0x0000000745e80000)
 ParOldGen       total 173568K, used 58023K [0x0000000580000000, 0x000000058a980000, 0x000000072aa80000)
  object space 173568K, 33% used [0x0000000580000000,0x00000005838a9f28,0x000000058a980000)
 PSPermGen       total 83456K, used 41581K [0x000000057ae00000, 0x000000057ff80000, 0x0000000580000000)
  object space 83456K, 49% used [0x000000057ae00000,0x000000057d69b780,0x000000057ff80000)
}
Event: 11.841 GC heap before
{Heap before GC invocations=12 (full 1):
 PSYoungGen      total 439808K, used 413184K [0x000000072aa80000, 0x0000000748580000, 0x0000000800000000)
  eden space 413184K, 100% used [0x000000072aa80000,0x0000000743e00000,0x0000000743e00000)
  from space 26624K, 0% used [0x0000000745e80000,0x0000000745e80000,0x0000000747880000)
  to   space 33280K, 0% used [0x0000000743e00000,0x0000000743e00000,0x0000000745e80000)
 ParOldGen       total 173568K, used 58023K [0x0000000580000000, 0x000000058a980000, 0x000000072aa80000)
  object space 173568K, 33% used [0x0000000580000000,0x00000005838a9f28,0x000000058a980000)
 PSPermGen       total 83456K, used 53533K [0x000000057ae00000, 0x000000057ff80000, 0x0000000580000000)
  object space 83456K, 64% used [0x000000057ae00000,0x000000057e247508,0x000000057ff80000)
Event: 11.873 GC heap after
Heap after GC invocations=12 (full 1):
 PSYoungGen      total 446464K, used 19569K [0x000000072aa80000, 0x0000000757180000, 0x0000000800000000)
  eden space 413184K, 0% used [0x000000072aa80000,0x000000072aa80000,0x0000000743e00000)
  from space 33280K, 58% used [0x0000000743e00000,0x000000074511c6d8,0x0000000745e80000)
  to   space 33280K, 0% used [0x0000000755100000,0x0000000755100000,0x0000000757180000)
 ParOldGen       total 173568K, used 58031K [0x0000000580000000, 0x000000058a980000, 0x000000072aa80000)
  object space 173568K, 33% used [0x0000000580000000,0x00000005838abf28,0x000000058a980000)
 PSPermGen       total 83456K, used 53533K [0x000000057ae00000, 0x000000057ff80000, 0x0000000580000000)
  object space 83456K, 64% used [0x000000057ae00000,0x000000057e247508,0x000000057ff80000)
}
Event: 14.269 GC heap before
{Heap before GC invocations=13 (full 1):
 PSYoungGen      total 446464K, used 432753K [0x000000072aa80000, 0x0000000757180000, 0x0000000800000000)
  eden space 413184K, 100% used [0x000000072aa80000,0x0000000743e00000,0x0000000743e00000)
  from space 33280K, 58% used [0x0000000743e00000,0x000000074511c6d8,0x0000000745e80000)
  to   space 33280K, 0% used [0x0000000755100000,0x0000000755100000,0x0000000757180000)
 ParOldGen       total 173568K, used 58031K [0x0000000580000000, 0x000000058a980000, 0x000000072aa80000)
  object space 173568K, 33% used [0x0000000580000000,0x00000005838abf28,0x000000058a980000)
 PSPermGen       total 83456K, used 54790K [0x000000057ae00000, 0x000000057ff80000, 0x0000000580000000)
  object space 83456K, 65% used [0x000000057ae00000,0x000000057e3818c8,0x000000057ff80000)
Event: 14.286 GC heap after
Heap after GC invocations=13 (full 1):
 PSYoungGen      total 692736K, used 10336K [0x000000072aa80000, 0x0000000756f80000, 0x0000000800000000)
  eden space 661504K, 0% used [0x000000072aa80000,0x000000072aa80000,0x0000000753080000)
  from space 31232K, 33% used [0x0000000755100000,0x0000000755b18010,0x0000000756f80000)
  to   space 32256K, 0% used [0x0000000753080000,0x0000000753080000,0x0000000755000000)
 ParOldGen       total 173568K, used 68151K [0x0000000580000000, 0x000000058a980000, 0x000000072aa80000)
  object space 173568K, 39% used [0x0000000580000000,0x000000058428df80,0x000000058a980000)
 PSPermGen       total 83456K, used 54790K [0x000000057ae00000, 0x000000057ff80000, 0x0000000580000000)
  object space 83456K, 65% used [0x000000057ae00000,0x000000057e3818c8,0x000000057ff80000)
}
Event: 167.800 GC heap before
{Heap before GC invocations=14 (full 1):
 PSYoungGen      total 692736K, used 671840K [0x000000072aa80000, 0x0000000756f80000, 0x0000000800000000)
  eden space 661504K, 100% used [0x000000072aa80000,0x0000000753080000,0x0000000753080000)
  from space 31232K, 33% used [0x0000000755100000,0x0000000755b18010,0x0000000756f80000)
  to   space 32256K, 0% used [0x0000000753080000,0x0000000753080000,0x0000000755000000)
 ParOldGen       total 173568K, used 68151K [0x0000000580000000, 0x000000058a980000, 0x000000072aa80000)
  object space 173568K, 39% used [0x0000000580000000,0x000000058428df80,0x000000058a980000)
 PSPermGen       total 83456K, used 59411K [0x000000057ae00000, 0x000000057ff80000, 0x0000000580000000)
  object space 83456K, 71% used [0x000000057ae00000,0x000000057e804eb0,0x000000057ff80000)
Event: 167.837 GC heap after
Heap after GC invocations=14 (full 1):
 PSYoungGen      total 693760K, used 31009K [0x000000072aa80000, 0x000000076fb80000, 0x0000000800000000)
  eden space 661504K, 0% used [0x000000072aa80000,0x000000072aa80000,0x0000000753080000)
  from space 32256K, 96% used [0x0000000753080000,0x0000000754ec86a0,0x0000000755000000)
  to   space 36352K, 0% used [0x000000076d800000,0x000000076d800000,0x000000076fb80000)
 ParOldGen       total 173568K, used 77519K [0x0000000580000000, 0x000000058a980000, 0x000000072aa80000)
  object space 173568K, 44% used [0x0000000580000000,0x0000000584bb3f80,0x000000058a980000)
 PSPermGen       total 83456K, used 59411K [0x000000057ae00000, 0x000000057ff80000, 0x0000000580000000)
  object space 83456K, 71% used [0x000000057ae00000,0x000000057e804eb0,0x000000057ff80000)
}

