<?xml version="1.0" encoding="UTF-8" ?>
<testsuite errors="1" failures="0" hostname="Desktop001" name="org.bimserver.tests.AllTests" tests="0" time="3.048" timestamp="2013-05-07T08:49:10">
  <properties>
[...]
</properties>
  <testcase classname="junit.framework.TestSuite" name="org.bimserver.tests.AllTests" time="0.0">
    <error type="java.lang.NullPointerException">java.lang.NullPointerException
	at org.bimserver.tests.AllTests.setup(AllTests.java:81)
	at org.bimserver.tests.AllTests.beforeClass(AllTests.java:56)
</error>
  </testcase>
  <system-out><![CDATA[Logging to: D:\Software\Workspaces\BIMserver\Builds\build\home\logs\bimserver.log
]]></system-out>
  <system-err><![CDATA[]]></system-err>
</testsuite>
